Copyright 1986-2016 Xilinx, Inc. All Rights Reserved.
----------------------------------------------------------------------------------------------------------------------------------------
| Tool Version     : Vivado v.2016.2 (win64) Build 1577090 Thu Jun  2 16:32:40 MDT 2016
| Date             : Sun Jun 26 21:01:11 2022
| Host             : LAPTOP-RHBK633D running 64-bit major release  (build 9200)
| Command          : report_power -file system_power_routed.rpt -pb system_power_summary_routed.pb -rpx system_power_routed.rpx
| Design           : system
| Device           : xc7a100tcsg324-1
| Design State     : routed
| Grade            : commercial
| Process          : typical
| Characterization : Production
----------------------------------------------------------------------------------------------------------------------------------------

Power Report

Table of Contents
-----------------
1. Summary
1.1 On-Chip Components
1.2 Power Supply Summary
1.3 Confidence Level
2. Settings
2.1 Environment
2.2 Clock Constraints
3. Detailed Reports
3.1 By Hierarchy

1. Summary
----------

+--------------------------+-------+
| Total On-Chip Power (W)  | 0.098 |
| Dynamic (W)              | 0.001 |
| Device Static (W)        | 0.097 |
| Effective TJA (C/W)      | 4.6   |
| Max Ambient (C)          | 84.6  |
| Junction Temperature (C) | 25.4  |
| Confidence Level         | Low   |
| Setting File             | ---   |
| Simulation Activity File | ---   |
| Design Nets Matched      | NA    |
+--------------------------+-------+


1.1 On-Chip Components
----------------------

+----------------+-----------+----------+-----------+-----------------+
| On-Chip        | Power (W) | Used     | Available | Utilization (%) |
+----------------+-----------+----------+-----------+-----------------+
| Clocks         |    <0.001 |        3 |       --- |             --- |
| Slice Logic    |    <0.001 |    52616 |       --- |             --- |
|   LUT as Logic |    <0.001 |    32205 |     63400 |           50.80 |
|   CARRY4       |    <0.001 |       87 |     15850 |            0.55 |
|   Register     |    <0.001 |     9587 |    126800 |            7.56 |
|   Others       |     0.000 |       53 |       --- |             --- |
|   F7/F8 Muxes  |     0.000 |     4774 |     63400 |            7.53 |
|   BUFG         |     0.000 |        3 |        32 |            9.38 |
| Signals        |    <0.001 |    35272 |       --- |             --- |
| I/O            |     0.001 |       18 |       210 |            8.57 |
| Static Power   |     0.097 |          |           |                 |
| Total          |     0.098 |          |           |                 |
+----------------+-----------+----------+-----------+-----------------+


1.2 Power Supply Summary
------------------------

+-----------+-------------+-----------+-------------+------------+
| Source    | Voltage (V) | Total (A) | Dynamic (A) | Static (A) |
+-----------+-------------+-----------+-------------+------------+
| Vccint    |       1.000 |     0.015 |       0.000 |      0.015 |
| Vccaux    |       1.800 |     0.018 |       0.000 |      0.018 |
| Vcco33    |       3.300 |     0.004 |       0.000 |      0.004 |
| Vcco25    |       2.500 |     0.000 |       0.000 |      0.000 |
| Vcco18    |       1.800 |     0.000 |       0.000 |      0.000 |
| Vcco15    |       1.500 |     0.000 |       0.000 |      0.000 |
| Vcco135   |       1.350 |     0.000 |       0.000 |      0.000 |
| Vcco12    |       1.200 |     0.000 |       0.000 |      0.000 |
| Vccaux_io |       1.800 |     0.000 |       0.000 |      0.000 |
| Vccbram   |       1.000 |     0.000 |       0.000 |      0.000 |
| MGTAVcc   |       1.000 |     0.000 |       0.000 |      0.000 |
| MGTAVtt   |       1.200 |     0.000 |       0.000 |      0.000 |
| Vccadc    |       1.800 |     0.020 |       0.000 |      0.020 |
+-----------+-------------+-----------+-------------+------------+


1.3 Confidence Level
--------------------

+-----------------------------+------------+-------------------------------------------------------+--------------------------------------------------------------------------------------------------------------------+
| User Input Data             | Confidence | Details                                               | Action                                                                                                             |
+-----------------------------+------------+-------------------------------------------------------+--------------------------------------------------------------------------------------------------------------------+
| Design implementation state | High       | Design is routed                                      |                                                                                                                    |
| Clock nodes activity        | Low        | User specified less than 75% of clocks                | Provide missing clock activity with a constraint file, simulation results or by editing the "By Clock Domain" view |
| I/O nodes activity          | Medium     | More than 5% of inputs are missing user specification | Provide missing input activity with simulation results or by editing the "By Resource Type -> I/Os" view           |
| Internal nodes activity     | Medium     | User specified less than 25% of internal nodes        | Provide missing internal nodes activity with simulation results or by editing the "By Resource Type" views         |
| Device models               | High       | Device models are Production                          |                                                                                                                    |
|                             |            |                                                       |                                                                                                                    |
| Overall confidence level    | Low        |                                                       |                                                                                                                    |
+-----------------------------+------------+-------------------------------------------------------+--------------------------------------------------------------------------------------------------------------------+


2. Settings
-----------

2.1 Environment
---------------

+-----------------------+--------------------------+
| Ambient Temp (C)      | 25.0                     |
| ThetaJA (C/W)         | 4.6                      |
| Airflow (LFM)         | 250                      |
| Heat Sink             | medium (Medium Profile)  |
| ThetaSA (C/W)         | 4.6                      |
| Board Selection       | medium (10"x10")         |
| # of Board Layers     | 12to15 (12 to 15 Layers) |
| Board Temperature (C) | 25.0                     |
+-----------------------+--------------------------+


2.2 Clock Constraints
---------------------

+---------+--------+-----------------+
| Clock   | Domain | Constraint (ns) |
+---------+--------+-----------------+
| clk_pin | clk_in |           100.0 |
+---------+--------+-----------------+


3. Detailed Reports
-------------------

3.1 By Hierarchy
----------------

+-----------------------------------+-----------+
| Name                              | Power (W) |
+-----------------------------------+-----------+
| system                            |     0.001 |
|   cpu                             |     0.000 |
|     Regfile                       |     0.000 |
|     mux1                          |     0.000 |
|     mux2                          |     0.000 |
|     mux3                          |     0.000 |
|     mux6                          |     0.000 |
|     mux7                          |     0.000 |
|     mux8                          |     0.000 |
|     mux9                          |     0.000 |
|     uPC                           |     0.000 |
|       gen[0].D0                   |     0.000 |
|       gen[10].D0                  |     0.000 |
|       gen[11].D0                  |     0.000 |
|       gen[12].D0                  |     0.000 |
|       gen[13].D0                  |     0.000 |
|       gen[14].D0                  |     0.000 |
|       gen[15].D0                  |     0.000 |
|       gen[16].D0                  |     0.000 |
|       gen[17].D0                  |     0.000 |
|       gen[18].D0                  |     0.000 |
|       gen[19].D0                  |     0.000 |
|       gen[1].D0                   |     0.000 |
|       gen[20].D0                  |     0.000 |
|       gen[21].D0                  |     0.000 |
|       gen[22].D0                  |     0.000 |
|       gen[23].D0                  |     0.000 |
|       gen[24].D0                  |     0.000 |
|       gen[25].D0                  |     0.000 |
|       gen[26].D0                  |     0.000 |
|       gen[27].D0                  |     0.000 |
|       gen[28].D0                  |     0.000 |
|       gen[29].D0                  |     0.000 |
|       gen[2].D0                   |     0.000 |
|       gen[30].D0                  |     0.000 |
|       gen[31].D0                  |     0.000 |
|       gen[3].D0                   |     0.000 |
|       gen[4].D0                   |     0.000 |
|       gen[5].D0                   |     0.000 |
|       gen[6].D0                   |     0.000 |
|       gen[7].D0                   |     0.000 |
|       gen[8].D0                   |     0.000 |
|       gen[9].D0                   |     0.000 |
|     uadd                          |     0.000 |
|     uadd4                         |     0.000 |
|     udec                          |     0.000 |
|     uext                          |     0.000 |
|     uext5                         |     0.000 |
|   cwd                             |    <0.001 |
|   datamemory                      |     0.000 |
|   instructionMemory               |     0.000 |
|     U0                            |     0.000 |
|       synth_options.dist_mem_inst |     0.000 |
|         gen_rom.rom_inst          |     0.000 |
|   seg                             |    <0.001 |
+-----------------------------------+-----------+


